Start auto log messages stack - Iteration 1.	[MsgId: MMSG-10545]
Action.c(1203): Resource "https://fonts.googleapis.com/css2?family=Inter:wght@200;300;400;500;600;700;800&display=swap" is in the cache already and will not be downloaded again  	[MsgId: MMSG-26655]
Action.c(1203): web_url("public_2") was successful, 1538 body bytes, 1525 header bytes, 12 chunking overhead bytes  	[MsgId: MMSG-26385]
Action.c(1212): web_submit_data("configs_3") started  	[MsgId: MMSG-26355]
Action.c(1212): web_submit_data("configs_3") was successful, 1137 body bytes, 1798 header bytes  	[MsgId: MMSG-26386]
Action.c(1225): web_url("canonical.html_12") started  	[MsgId: MMSG-26355]
Action.c(1225): Detected non-resource "https://support.mozilla.org/kb/captive-portal" in "http://detectportal.firefox.com/canonical.html"  	[MsgId: MMSG-26573]
Action.c(1225): Error -35196: HTTP Status-Code=429 (Retry With) for "https://support.mozilla.org/kb/captive-portal"  	[MsgId: MERR-35196]
End auto log messages stack.	[MsgId: MMSG-10544]

Start auto log messages stack - Iteration 2.	[MsgId: MMSG-10545]
Starting action Action.	[MsgId: MMSG-15919]
Action.c(4): web_set_max_html_param_len started  	[MsgId: MMSG-26355]
Action.c(4): web_set_max_html_param_len was successful  	[MsgId: MMSG-26392]
Action.c(6): web_add_auto_header("Accept-Language") started  	[MsgId: MMSG-26355]
Action.c(6): web_add_auto_header("Accept-Language") was successful  	[MsgId: MMSG-26392]
Action.c(9): web_url("canonical.html") started  	[MsgId: MMSG-26355]
Action.c(9): Detected non-resource "https://support.mozilla.org/kb/captive-portal" in "http://detectportal.firefox.com/canonical.html"  	[MsgId: MMSG-26573]
Action.c(9): Error -35196: HTTP Status-Code=429 (Retry With) for "https://support.mozilla.org/kb/captive-portal"  	[MsgId: MERR-35196]
End auto log messages stack.	[MsgId: MMSG-10544]

Start auto log messages stack - Iteration 3.	[MsgId: MMSG-10545]
Starting action Action.	[MsgId: MMSG-15919]
Action.c(4): web_set_max_html_param_len started  	[MsgId: MMSG-26355]
Action.c(4): web_set_max_html_param_len was successful  	[MsgId: MMSG-26392]
Action.c(6): web_add_auto_header("Accept-Language") started  	[MsgId: MMSG-26355]
Action.c(6): web_add_auto_header("Accept-Language") was successful  	[MsgId: MMSG-26392]
Action.c(9): web_url("canonical.html") started  	[MsgId: MMSG-26355]
Action.c(9): Detected non-resource "https://support.mozilla.org/kb/captive-portal" in "http://detectportal.firefox.com/canonical.html"  	[MsgId: MMSG-26573]
Action.c(9): Error -35196: HTTP Status-Code=429 (Retry With) for "https://support.mozilla.org/kb/captive-portal"  	[MsgId: MERR-35196]
End auto log messages stack.	[MsgId: MMSG-10544]

Start auto log messages stack - Iteration 4.	[MsgId: MMSG-10545]
Starting action Action.	[MsgId: MMSG-15919]
Action.c(4): web_set_max_html_param_len started  	[MsgId: MMSG-26355]
Action.c(4): web_set_max_html_param_len was successful  	[MsgId: MMSG-26392]
Action.c(6): web_add_auto_header("Accept-Language") started  	[MsgId: MMSG-26355]
Action.c(6): web_add_auto_header("Accept-Language") was successful  	[MsgId: MMSG-26392]
Action.c(9): web_url("canonical.html") started  	[MsgId: MMSG-26355]
Action.c(9): Detected non-resource "https://support.mozilla.org/kb/captive-portal" in "http://detectportal.firefox.com/canonical.html"  	[MsgId: MMSG-26573]
Action.c(9): Error -35196: HTTP Status-Code=429 (Retry With) for "https://support.mozilla.org/kb/captive-portal"  	[MsgId: MERR-35196]
End auto log messages stack.	[MsgId: MMSG-10544]

Start auto log messages stack - Iteration 5.	[MsgId: MMSG-10545]
Starting action Action.	[MsgId: MMSG-15919]
Action.c(4): web_set_max_html_param_len started  	[MsgId: MMSG-26355]
Action.c(4): web_set_max_html_param_len was successful  	[MsgId: MMSG-26392]
Action.c(6): web_add_auto_header("Accept-Language") started  	[MsgId: MMSG-26355]
Action.c(6): web_add_auto_header("Accept-Language") was successful  	[MsgId: MMSG-26392]
Action.c(9): web_url("canonical.html") started  	[MsgId: MMSG-26355]
Action.c(9): Detected non-resource "https://support.mozilla.org/kb/captive-portal" in "http://detectportal.firefox.com/canonical.html"  	[MsgId: MMSG-26573]
Action.c(9): Error -35196: HTTP Status-Code=429 (Retry With) for "https://support.mozilla.org/kb/captive-portal"  	[MsgId: MERR-35196]
End auto log messages stack.	[MsgId: MMSG-10544]

Start auto log messages stack - Iteration 6.	[MsgId: MMSG-10545]
Starting action Action.	[MsgId: MMSG-15919]
Action.c(4): web_set_max_html_param_len started  	[MsgId: MMSG-26355]
Action.c(4): web_set_max_html_param_len was successful  	[MsgId: MMSG-26392]
Action.c(6): web_add_auto_header("Accept-Language") started  	[MsgId: MMSG-26355]
Action.c(6): web_add_auto_header("Accept-Language") was successful  	[MsgId: MMSG-26392]
Action.c(9): web_url("canonical.html") started  	[MsgId: MMSG-26355]
Action.c(9): Detected non-resource "https://support.mozilla.org/kb/captive-portal" in "http://detectportal.firefox.com/canonical.html"  	[MsgId: MMSG-26573]
Action.c(9): Error -35196: HTTP Status-Code=429 (Retry With) for "https://support.mozilla.org/kb/captive-portal"  	[MsgId: MERR-35196]
End auto log messages stack.	[MsgId: MMSG-10544]

Start auto log messages stack - Iteration 7.	[MsgId: MMSG-10545]
Starting action Action.	[MsgId: MMSG-15919]
Action.c(4): web_set_max_html_param_len started  	[MsgId: MMSG-26355]
Action.c(4): web_set_max_html_param_len was successful  	[MsgId: MMSG-26392]
Action.c(6): web_add_auto_header("Accept-Language") started  	[MsgId: MMSG-26355]
Action.c(6): web_add_auto_header("Accept-Language") was successful  	[MsgId: MMSG-26392]
Action.c(9): web_url("canonical.html") started  	[MsgId: MMSG-26355]
Action.c(9): Detected non-resource "https://support.mozilla.org/kb/captive-portal" in "http://detectportal.firefox.com/canonical.html"  	[MsgId: MMSG-26573]
Action.c(9): Error -35196: HTTP Status-Code=429 (Retry With) for "https://support.mozilla.org/kb/captive-portal"  	[MsgId: MERR-35196]
End auto log messages stack.	[MsgId: MMSG-10544]

Start auto log messages stack - Iteration 8.	[MsgId: MMSG-10545]
Starting action Action.	[MsgId: MMSG-15919]
Action.c(4): web_set_max_html_param_len started  	[MsgId: MMSG-26355]
Action.c(4): web_set_max_html_param_len was successful  	[MsgId: MMSG-26392]
Action.c(6): web_add_auto_header("Accept-Language") started  	[MsgId: MMSG-26355]
Action.c(6): web_add_auto_header("Accept-Language") was successful  	[MsgId: MMSG-26392]
Action.c(9): web_url("canonical.html") started  	[MsgId: MMSG-26355]
Action.c(9): Detected non-resource "https://support.mozilla.org/kb/captive-portal" in "http://detectportal.firefox.com/canonical.html"  	[MsgId: MMSG-26573]
Action.c(9): Error -35196: HTTP Status-Code=429 (Retry With) for "https://support.mozilla.org/kb/captive-portal"  	[MsgId: MERR-35196]
End auto log messages stack.	[MsgId: MMSG-10544]

Start auto log messages stack - Iteration 9.	[MsgId: MMSG-10545]
Starting action Action.	[MsgId: MMSG-15919]
Action.c(4): web_set_max_html_param_len started  	[MsgId: MMSG-26355]
Action.c(4): web_set_max_html_param_len was successful  	[MsgId: MMSG-26392]
Action.c(6): web_add_auto_header("Accept-Language") started  	[MsgId: MMSG-26355]
Action.c(6): web_add_auto_header("Accept-Language") was successful  	[MsgId: MMSG-26392]
Action.c(9): web_url("canonical.html") started  	[MsgId: MMSG-26355]
Action.c(9): Detected non-resource "https://support.mozilla.org/kb/captive-portal" in "http://detectportal.firefox.com/canonical.html"  	[MsgId: MMSG-26573]
Action.c(9): Error -35196: HTTP Status-Code=429 (Retry With) for "https://support.mozilla.org/kb/captive-portal"  	[MsgId: MERR-35196]
End auto log messages stack.	[MsgId: MMSG-10544]

Start auto log messages stack - Iteration 10.	[MsgId: MMSG-10545]
Starting action Action.	[MsgId: MMSG-15919]
Action.c(4): web_set_max_html_param_len started  	[MsgId: MMSG-26355]
Action.c(4): web_set_max_html_param_len was successful  	[MsgId: MMSG-26392]
Action.c(6): web_add_auto_header("Accept-Language") started  	[MsgId: MMSG-26355]
Action.c(6): web_add_auto_header("Accept-Language") was successful  	[MsgId: MMSG-26392]
Action.c(9): web_url("canonical.html") started  	[MsgId: MMSG-26355]
Action.c(9): Detected non-resource "https://support.mozilla.org/kb/captive-portal" in "http://detectportal.firefox.com/canonical.html"  	[MsgId: MMSG-26573]
Action.c(9): Error -35196: HTTP Status-Code=429 (Retry With) for "https://support.mozilla.org/kb/captive-portal"  	[MsgId: MERR-35196]
End auto log messages stack.	[MsgId: MMSG-10544]

Start auto log messages stack - Iteration 11.	[MsgId: MMSG-10545]
Starting action Action.	[MsgId: MMSG-15919]
Action.c(4): web_set_max_html_param_len started  	[MsgId: MMSG-26355]
Action.c(4): web_set_max_html_param_len was successful  	[MsgId: MMSG-26392]
Action.c(6): web_add_auto_header("Accept-Language") started  	[MsgId: MMSG-26355]
Action.c(6): web_add_auto_header("Accept-Language") was successful  	[MsgId: MMSG-26392]
Action.c(9): web_url("canonical.html") started  	[MsgId: MMSG-26355]
Action.c(9): Detected non-resource "https://support.mozilla.org/kb/captive-portal" in "http://detectportal.firefox.com/canonical.html"  	[MsgId: MMSG-26573]
Action.c(9): Error -35196: HTTP Status-Code=429 (Retry With) for "https://support.mozilla.org/kb/captive-portal"  	[MsgId: MERR-35196]
End auto log messages stack.	[MsgId: MMSG-10544]

Start auto log messages stack - Iteration 12.	[MsgId: MMSG-10545]
Starting action Action.	[MsgId: MMSG-15919]
Action.c(4): web_set_max_html_param_len started  	[MsgId: MMSG-26355]
Action.c(4): web_set_max_html_param_len was successful  	[MsgId: MMSG-26392]
Action.c(6): web_add_auto_header("Accept-Language") started  	[MsgId: MMSG-26355]
Action.c(6): web_add_auto_header("Accept-Language") was successful  	[MsgId: MMSG-26392]
Action.c(9): web_url("canonical.html") started  	[MsgId: MMSG-26355]
Action.c(9): Detected non-resource "https://support.mozilla.org/kb/captive-portal" in "http://detectportal.firefox.com/canonical.html"  	[MsgId: MMSG-26573]
Action.c(9): Error -35196: HTTP Status-Code=429 (Retry With) for "https://support.mozilla.org/kb/captive-portal"  	[MsgId: MERR-35196]
End auto log messages stack.	[MsgId: MMSG-10544]

Start auto log messages stack - Iteration 13.	[MsgId: MMSG-10545]
Starting action Action.	[MsgId: MMSG-15919]
Action.c(4): web_set_max_html_param_len started  	[MsgId: MMSG-26355]
Action.c(4): web_set_max_html_param_len was successful  	[MsgId: MMSG-26392]
Action.c(6): web_add_auto_header("Accept-Language") started  	[MsgId: MMSG-26355]
Action.c(6): web_add_auto_header("Accept-Language") was successful  	[MsgId: MMSG-26392]
Action.c(9): web_url("canonical.html") started  	[MsgId: MMSG-26355]
Action.c(9): Detected non-resource "https://support.mozilla.org/kb/captive-portal" in "http://detectportal.firefox.com/canonical.html"  	[MsgId: MMSG-26573]
Action.c(9): Error -35196: HTTP Status-Code=429 (Retry With) for "https://support.mozilla.org/kb/captive-portal"  	[MsgId: MERR-35196]
End auto log messages stack.	[MsgId: MMSG-10544]

Start auto log messages stack - Iteration 14.	[MsgId: MMSG-10545]
Starting action Action.	[MsgId: MMSG-15919]
Action.c(4): web_set_max_html_param_len started  	[MsgId: MMSG-26355]
Action.c(4): web_set_max_html_param_len was successful  	[MsgId: MMSG-26392]
Action.c(6): web_add_auto_header("Accept-Language") started  	[MsgId: MMSG-26355]
Action.c(6): web_add_auto_header("Accept-Language") was successful  	[MsgId: MMSG-26392]
Action.c(9): web_url("canonical.html") started  	[MsgId: MMSG-26355]
Action.c(9): Detected non-resource "https://support.mozilla.org/kb/captive-portal" in "http://detectportal.firefox.com/canonical.html"  	[MsgId: MMSG-26573]
Action.c(9): Error -35196: HTTP Status-Code=429 (Retry With) for "https://support.mozilla.org/kb/captive-portal"  	[MsgId: MERR-35196]
End auto log messages stack.	[MsgId: MMSG-10544]

Start auto log messages stack - Iteration 15.	[MsgId: MMSG-10545]
Starting action Action.	[MsgId: MMSG-15919]
Action.c(4): web_set_max_html_param_len started  	[MsgId: MMSG-26355]
Action.c(4): web_set_max_html_param_len was successful  	[MsgId: MMSG-26392]
Action.c(6): web_add_auto_header("Accept-Language") started  	[MsgId: MMSG-26355]
Action.c(6): web_add_auto_header("Accept-Language") was successful  	[MsgId: MMSG-26392]
Action.c(9): web_url("canonical.html") started  	[MsgId: MMSG-26355]
Action.c(9): Detected non-resource "https://support.mozilla.org/kb/captive-portal" in "http://detectportal.firefox.com/canonical.html"  	[MsgId: MMSG-26573]
Action.c(9): Error -35196: HTTP Status-Code=429 (Retry With) for "https://support.mozilla.org/kb/captive-portal"  	[MsgId: MERR-35196]
End auto log messages stack.	[MsgId: MMSG-10544]

Start auto log messages stack - Iteration 16.	[MsgId: MMSG-10545]
Starting action Action.	[MsgId: MMSG-15919]
Action.c(4): web_set_max_html_param_len started  	[MsgId: MMSG-26355]
Action.c(4): web_set_max_html_param_len was successful  	[MsgId: MMSG-26392]
Action.c(6): web_add_auto_header("Accept-Language") started  	[MsgId: MMSG-26355]
Action.c(6): web_add_auto_header("Accept-Language") was successful  	[MsgId: MMSG-26392]
Action.c(9): web_url("canonical.html") started  	[MsgId: MMSG-26355]
Action.c(9): Detected non-resource "https://support.mozilla.org/kb/captive-portal" in "http://detectportal.firefox.com/canonical.html"  	[MsgId: MMSG-26573]
Action.c(9): Error -35196: HTTP Status-Code=429 (Retry With) for "https://support.mozilla.org/kb/captive-portal"  	[MsgId: MERR-35196]
End auto log messages stack.	[MsgId: MMSG-10544]

Start auto log messages stack - Iteration 17.	[MsgId: MMSG-10545]
Starting action Action.	[MsgId: MMSG-15919]
Action.c(4): web_set_max_html_param_len started  	[MsgId: MMSG-26355]
Action.c(4): web_set_max_html_param_len was successful  	[MsgId: MMSG-26392]
Action.c(6): web_add_auto_header("Accept-Language") started  	[MsgId: MMSG-26355]
Action.c(6): web_add_auto_header("Accept-Language") was successful  	[MsgId: MMSG-26392]
Action.c(9): web_url("canonical.html") started  	[MsgId: MMSG-26355]
Action.c(9): Detected non-resource "https://support.mozilla.org/kb/captive-portal" in "http://detectportal.firefox.com/canonical.html"  	[MsgId: MMSG-26573]
Action.c(9): Error -35196: HTTP Status-Code=429 (Retry With) for "https://support.mozilla.org/kb/captive-portal"  	[MsgId: MERR-35196]
End auto log messages stack.	[MsgId: MMSG-10544]

Start auto log messages stack - Iteration 18.	[MsgId: MMSG-10545]
Starting action Action.	[MsgId: MMSG-15919]
Action.c(4): web_set_max_html_param_len started  	[MsgId: MMSG-26355]
Action.c(4): web_set_max_html_param_len was successful  	[MsgId: MMSG-26392]
Action.c(6): web_add_auto_header("Accept-Language") started  	[MsgId: MMSG-26355]
Action.c(6): web_add_auto_header("Accept-Language") was successful  	[MsgId: MMSG-26392]
Action.c(9): web_url("canonical.html") started  	[MsgId: MMSG-26355]
Action.c(9): Detected non-resource "https://support.mozilla.org/kb/captive-portal" in "http://detectportal.firefox.com/canonical.html"  	[MsgId: MMSG-26573]
Action.c(9): Error -35196: HTTP Status-Code=429 (Retry With) for "https://support.mozilla.org/kb/captive-portal"  	[MsgId: MERR-35196]
End auto log messages stack.	[MsgId: MMSG-10544]

Start auto log messages stack - Iteration 19.	[MsgId: MMSG-10545]
Starting action Action.	[MsgId: MMSG-15919]
Action.c(4): web_set_max_html_param_len started  	[MsgId: MMSG-26355]
Action.c(4): web_set_max_html_param_len was successful  	[MsgId: MMSG-26392]
Action.c(6): web_add_auto_header("Accept-Language") started  	[MsgId: MMSG-26355]
Action.c(6): web_add_auto_header("Accept-Language") was successful  	[MsgId: MMSG-26392]
Action.c(9): web_url("canonical.html") started  	[MsgId: MMSG-26355]
Action.c(9): Detected non-resource "https://support.mozilla.org/kb/captive-portal" in "http://detectportal.firefox.com/canonical.html"  	[MsgId: MMSG-26573]
Action.c(9): Error -35196: HTTP Status-Code=429 (Retry With) for "https://support.mozilla.org/kb/captive-portal"  	[MsgId: MERR-35196]
End auto log messages stack.	[MsgId: MMSG-10544]

Start auto log messages stack - Iteration 20.	[MsgId: MMSG-10545]
Starting action Action.	[MsgId: MMSG-15919]
Action.c(4): web_set_max_html_param_len started  	[MsgId: MMSG-26355]
Action.c(4): web_set_max_html_param_len was successful  	[MsgId: MMSG-26392]
Action.c(6): web_add_auto_header("Accept-Language") started  	[MsgId: MMSG-26355]
Action.c(6): web_add_auto_header("Accept-Language") was successful  	[MsgId: MMSG-26392]
Action.c(9): web_url("canonical.html") started  	[MsgId: MMSG-26355]
Action.c(9): Detected non-resource "https://support.mozilla.org/kb/captive-portal" in "http://detectportal.firefox.com/canonical.html"  	[MsgId: MMSG-26573]
Action.c(9): Error -35196: HTTP Status-Code=429 (Retry With) for "https://support.mozilla.org/kb/captive-portal"  	[MsgId: MERR-35196]
End auto log messages stack.	[MsgId: MMSG-10544]

Start auto log messages stack - Iteration 21.	[MsgId: MMSG-10545]
Starting action Action.	[MsgId: MMSG-15919]
Action.c(4): web_set_max_html_param_len started  	[MsgId: MMSG-26355]
Action.c(4): web_set_max_html_param_len was successful  	[MsgId: MMSG-26392]
Action.c(6): web_add_auto_header("Accept-Language") started  	[MsgId: MMSG-26355]
Action.c(6): web_add_auto_header("Accept-Language") was successful  	[MsgId: MMSG-26392]
Action.c(9): web_url("canonical.html") started  	[MsgId: MMSG-26355]
Action.c(9): Detected non-resource "https://support.mozilla.org/kb/captive-portal" in "http://detectportal.firefox.com/canonical.html"  	[MsgId: MMSG-26573]
Action.c(9): Error -35196: HTTP Status-Code=429 (Retry With) for "https://support.mozilla.org/kb/captive-portal"  	[MsgId: MERR-35196]
End auto log messages stack.	[MsgId: MMSG-10544]

Start auto log messages stack - Iteration 22.	[MsgId: MMSG-10545]
Starting action Action.	[MsgId: MMSG-15919]
Action.c(4): web_set_max_html_param_len started  	[MsgId: MMSG-26355]
Action.c(4): web_set_max_html_param_len was successful  	[MsgId: MMSG-26392]
Action.c(6): web_add_auto_header("Accept-Language") started  	[MsgId: MMSG-26355]
Action.c(6): web_add_auto_header("Accept-Language") was successful  	[MsgId: MMSG-26392]
Action.c(9): web_url("canonical.html") started  	[MsgId: MMSG-26355]
Action.c(9): Detected non-resource "https://support.mozilla.org/kb/captive-portal" in "http://detectportal.firefox.com/canonical.html"  	[MsgId: MMSG-26573]
Action.c(9): Error -35196: HTTP Status-Code=429 (Retry With) for "https://support.mozilla.org/kb/captive-portal"  	[MsgId: MERR-35196]
End auto log messages stack.	[MsgId: MMSG-10544]

Start auto log messages stack - Iteration 23.	[MsgId: MMSG-10545]
Starting action Action.	[MsgId: MMSG-15919]
Action.c(4): web_set_max_html_param_len started  	[MsgId: MMSG-26355]
Action.c(4): web_set_max_html_param_len was successful  	[MsgId: MMSG-26392]
Action.c(6): web_add_auto_header("Accept-Language") started  	[MsgId: MMSG-26355]
Action.c(6): web_add_auto_header("Accept-Language") was successful  	[MsgId: MMSG-26392]
Action.c(9): web_url("canonical.html") started  	[MsgId: MMSG-26355]
Action.c(9): Detected non-resource "https://support.mozilla.org/kb/captive-portal" in "http://detectportal.firefox.com/canonical.html"  	[MsgId: MMSG-26573]
Action.c(9): Error -35196: HTTP Status-Code=429 (Retry With) for "https://support.mozilla.org/kb/captive-portal"  	[MsgId: MERR-35196]
End auto log messages stack.	[MsgId: MMSG-10544]

Start auto log messages stack - Iteration 24.	[MsgId: MMSG-10545]
Starting action Action.	[MsgId: MMSG-15919]
Action.c(4): web_set_max_html_param_len started  	[MsgId: MMSG-26355]
Action.c(4): web_set_max_html_param_len was successful  	[MsgId: MMSG-26392]
Action.c(6): web_add_auto_header("Accept-Language") started  	[MsgId: MMSG-26355]
Action.c(6): web_add_auto_header("Accept-Language") was successful  	[MsgId: MMSG-26392]
Action.c(9): web_url("canonical.html") started  	[MsgId: MMSG-26355]
Action.c(9): Detected non-resource "https://support.mozilla.org/kb/captive-portal" in "http://detectportal.firefox.com/canonical.html"  	[MsgId: MMSG-26573]
Action.c(9): Error -35196: HTTP Status-Code=429 (Retry With) for "https://support.mozilla.org/kb/captive-portal"  	[MsgId: MERR-35196]
End auto log messages stack.	[MsgId: MMSG-10544]

Start auto log messages stack - Iteration 25.	[MsgId: MMSG-10545]
Starting action Action.	[MsgId: MMSG-15919]
Action.c(4): web_set_max_html_param_len started  	[MsgId: MMSG-26355]
Action.c(4): web_set_max_html_param_len was successful  	[MsgId: MMSG-26392]
Action.c(6): web_add_auto_header("Accept-Language") started  	[MsgId: MMSG-26355]
Action.c(6): web_add_auto_header("Accept-Language") was successful  	[MsgId: MMSG-26392]
Action.c(9): web_url("canonical.html") started  	[MsgId: MMSG-26355]
Action.c(9): Detected non-resource "https://support.mozilla.org/kb/captive-portal" in "http://detectportal.firefox.com/canonical.html"  	[MsgId: MMSG-26573]
Action.c(9): Error -35196: HTTP Status-Code=429 (Retry With) for "https://support.mozilla.org/kb/captive-portal"  	[MsgId: MERR-35196]
End auto log messages stack.	[MsgId: MMSG-10544]

Start auto log messages stack - Iteration 26.	[MsgId: MMSG-10545]
Starting action Action.	[MsgId: MMSG-15919]
Action.c(4): web_set_max_html_param_len started  	[MsgId: MMSG-26355]
Action.c(4): web_set_max_html_param_len was successful  	[MsgId: MMSG-26392]
Action.c(6): web_add_auto_header("Accept-Language") started  	[MsgId: MMSG-26355]
Action.c(6): web_add_auto_header("Accept-Language") was successful  	[MsgId: MMSG-26392]
Action.c(9): web_url("canonical.html") started  	[MsgId: MMSG-26355]
Action.c(9): Detected non-resource "https://support.mozilla.org/kb/captive-portal" in "http://detectportal.firefox.com/canonical.html"  	[MsgId: MMSG-26573]
Action.c(9): Error -35196: HTTP Status-Code=429 (Retry With) for "https://support.mozilla.org/kb/captive-portal"  	[MsgId: MERR-35196]
End auto log messages stack.	[MsgId: MMSG-10544]

Start auto log messages stack - Iteration 27.	[MsgId: MMSG-10545]
Starting action Action.	[MsgId: MMSG-15919]
Action.c(4): web_set_max_html_param_len started  	[MsgId: MMSG-26355]
Action.c(4): web_set_max_html_param_len was successful  	[MsgId: MMSG-26392]
Action.c(6): web_add_auto_header("Accept-Language") started  	[MsgId: MMSG-26355]
Action.c(6): web_add_auto_header("Accept-Language") was successful  	[MsgId: MMSG-26392]
Action.c(9): web_url("canonical.html") started  	[MsgId: MMSG-26355]
Action.c(9): Detected non-resource "https://support.mozilla.org/kb/captive-portal" in "http://detectportal.firefox.com/canonical.html"  	[MsgId: MMSG-26573]
Action.c(9): Error -35196: HTTP Status-Code=429 (Retry With) for "https://support.mozilla.org/kb/captive-portal"  	[MsgId: MERR-35196]
End auto log messages stack.	[MsgId: MMSG-10544]

Start auto log messages stack - Iteration 28.	[MsgId: MMSG-10545]
Starting action Action.	[MsgId: MMSG-15919]
Action.c(4): web_set_max_html_param_len started  	[MsgId: MMSG-26355]
Action.c(4): web_set_max_html_param_len was successful  	[MsgId: MMSG-26392]
Action.c(6): web_add_auto_header("Accept-Language") started  	[MsgId: MMSG-26355]
Action.c(6): web_add_auto_header("Accept-Language") was successful  	[MsgId: MMSG-26392]
Action.c(9): web_url("canonical.html") started  	[MsgId: MMSG-26355]
Action.c(9): Detected non-resource "https://support.mozilla.org/kb/captive-portal" in "http://detectportal.firefox.com/canonical.html"  	[MsgId: MMSG-26573]
Action.c(9): Error -35196: HTTP Status-Code=429 (Retry With) for "https://support.mozilla.org/kb/captive-portal"  	[MsgId: MERR-35196]
End auto log messages stack.	[MsgId: MMSG-10544]

Start auto log messages stack - Iteration 29.	[MsgId: MMSG-10545]
Starting action Action.	[MsgId: MMSG-15919]
Action.c(4): web_set_max_html_param_len started  	[MsgId: MMSG-26355]
Action.c(4): web_set_max_html_param_len was successful  	[MsgId: MMSG-26392]
Action.c(6): web_add_auto_header("Accept-Language") started  	[MsgId: MMSG-26355]
Action.c(6): web_add_auto_header("Accept-Language") was successful  	[MsgId: MMSG-26392]
Action.c(9): web_url("canonical.html") started  	[MsgId: MMSG-26355]
Action.c(9): Detected non-resource "https://support.mozilla.org/kb/captive-portal" in "http://detectportal.firefox.com/canonical.html"  	[MsgId: MMSG-26573]
Action.c(9): Error -35196: HTTP Status-Code=429 (Retry With) for "https://support.mozilla.org/kb/captive-portal"  	[MsgId: MERR-35196]
End auto log messages stack.	[MsgId: MMSG-10544]

Start auto log messages stack - Iteration 30.	[MsgId: MMSG-10545]
Starting action Action.	[MsgId: MMSG-15919]
Action.c(4): web_set_max_html_param_len started  	[MsgId: MMSG-26355]
Action.c(4): web_set_max_html_param_len was successful  	[MsgId: MMSG-26392]
Action.c(6): web_add_auto_header("Accept-Language") started  	[MsgId: MMSG-26355]
Action.c(6): web_add_auto_header("Accept-Language") was successful  	[MsgId: MMSG-26392]
Action.c(9): web_url("canonical.html") started  	[MsgId: MMSG-26355]
Action.c(9): Detected non-resource "https://support.mozilla.org/kb/captive-portal" in "http://detectportal.firefox.com/canonical.html"  	[MsgId: MMSG-26573]
Action.c(9): Error -35196: HTTP Status-Code=429 (Retry With) for "https://support.mozilla.org/kb/captive-portal"  	[MsgId: MERR-35196]
End auto log messages stack.	[MsgId: MMSG-10544]

Start auto log messages stack - Iteration 31.	[MsgId: MMSG-10545]
Starting action Action.	[MsgId: MMSG-15919]
Action.c(4): web_set_max_html_param_len started  	[MsgId: MMSG-26355]
Action.c(4): web_set_max_html_param_len was successful  	[MsgId: MMSG-26392]
Action.c(6): web_add_auto_header("Accept-Language") started  	[MsgId: MMSG-26355]
Action.c(6): web_add_auto_header("Accept-Language") was successful  	[MsgId: MMSG-26392]
Action.c(9): web_url("canonical.html") started  	[MsgId: MMSG-26355]
Action.c(9): Detected non-resource "https://support.mozilla.org/kb/captive-portal" in "http://detectportal.firefox.com/canonical.html"  	[MsgId: MMSG-26573]
Action.c(9): Error -35196: HTTP Status-Code=429 (Retry With) for "https://support.mozilla.org/kb/captive-portal"  	[MsgId: MERR-35196]
End auto log messages stack.	[MsgId: MMSG-10544]

Start auto log messages stack - Iteration 32.	[MsgId: MMSG-10545]
Starting action Action.	[MsgId: MMSG-15919]
Action.c(4): web_set_max_html_param_len started  	[MsgId: MMSG-26355]
Action.c(4): web_set_max_html_param_len was successful  	[MsgId: MMSG-26392]
Action.c(6): web_add_auto_header("Accept-Language") started  	[MsgId: MMSG-26355]
Action.c(6): web_add_auto_header("Accept-Language") was successful  	[MsgId: MMSG-26392]
Action.c(9): web_url("canonical.html") started  	[MsgId: MMSG-26355]
Action.c(9): Detected non-resource "https://support.mozilla.org/kb/captive-portal" in "http://detectportal.firefox.com/canonical.html"  	[MsgId: MMSG-26573]
Action.c(9): Error -35196: HTTP Status-Code=429 (Retry With) for "https://support.mozilla.org/kb/captive-portal"  	[MsgId: MERR-35196]
End auto log messages stack.	[MsgId: MMSG-10544]

Start auto log messages stack - Iteration 33.	[MsgId: MMSG-10545]
Starting action Action.	[MsgId: MMSG-15919]
Action.c(4): web_set_max_html_param_len started  	[MsgId: MMSG-26355]
Action.c(4): web_set_max_html_param_len was successful  	[MsgId: MMSG-26392]
Action.c(6): web_add_auto_header("Accept-Language") started  	[MsgId: MMSG-26355]
Action.c(6): web_add_auto_header("Accept-Language") was successful  	[MsgId: MMSG-26392]
Action.c(9): web_url("canonical.html") started  	[MsgId: MMSG-26355]
Action.c(9): Detected non-resource "https://support.mozilla.org/kb/captive-portal" in "http://detectportal.firefox.com/canonical.html"  	[MsgId: MMSG-26573]
Action.c(9): Error -35196: HTTP Status-Code=429 (Retry With) for "https://support.mozilla.org/kb/captive-portal"  	[MsgId: MERR-35196]
End auto log messages stack.	[MsgId: MMSG-10544]

Start auto log messages stack - Iteration 34.	[MsgId: MMSG-10545]
Starting action Action.	[MsgId: MMSG-15919]
Action.c(4): web_set_max_html_param_len started  	[MsgId: MMSG-26355]
Action.c(4): web_set_max_html_param_len was successful  	[MsgId: MMSG-26392]
Action.c(6): web_add_auto_header("Accept-Language") started  	[MsgId: MMSG-26355]
Action.c(6): web_add_auto_header("Accept-Language") was successful  	[MsgId: MMSG-26392]
Action.c(9): web_url("canonical.html") started  	[MsgId: MMSG-26355]
Action.c(9): Detected non-resource "https://support.mozilla.org/kb/captive-portal" in "http://detectportal.firefox.com/canonical.html"  	[MsgId: MMSG-26573]
Action.c(9): Error -35196: HTTP Status-Code=429 (Retry With) for "https://support.mozilla.org/kb/captive-portal"  	[MsgId: MERR-35196]
End auto log messages stack.	[MsgId: MMSG-10544]

Start auto log messages stack - Iteration 35.	[MsgId: MMSG-10545]
Starting action Action.	[MsgId: MMSG-15919]
Action.c(4): web_set_max_html_param_len started  	[MsgId: MMSG-26355]
Action.c(4): web_set_max_html_param_len was successful  	[MsgId: MMSG-26392]
Action.c(6): web_add_auto_header("Accept-Language") started  	[MsgId: MMSG-26355]
Action.c(6): web_add_auto_header("Accept-Language") was successful  	[MsgId: MMSG-26392]
Action.c(9): web_url("canonical.html") started  	[MsgId: MMSG-26355]
Action.c(9): Detected non-resource "https://support.mozilla.org/kb/captive-portal" in "http://detectportal.firefox.com/canonical.html"  	[MsgId: MMSG-26573]
Action.c(9): Error -35196: HTTP Status-Code=429 (Retry With) for "https://support.mozilla.org/kb/captive-portal"  	[MsgId: MERR-35196]
End auto log messages stack.	[MsgId: MMSG-10544]

Start auto log messages stack - Iteration 36.	[MsgId: MMSG-10545]
Starting action Action.	[MsgId: MMSG-15919]
Action.c(4): web_set_max_html_param_len started  	[MsgId: MMSG-26355]
Action.c(4): web_set_max_html_param_len was successful  	[MsgId: MMSG-26392]
Action.c(6): web_add_auto_header("Accept-Language") started  	[MsgId: MMSG-26355]
Action.c(6): web_add_auto_header("Accept-Language") was successful  	[MsgId: MMSG-26392]
Action.c(9): web_url("canonical.html") started  	[MsgId: MMSG-26355]
Action.c(9): Detected non-resource "https://support.mozilla.org/kb/captive-portal" in "http://detectportal.firefox.com/canonical.html"  	[MsgId: MMSG-26573]
Action.c(9): Error -35196: HTTP Status-Code=429 (Retry With) for "https://support.mozilla.org/kb/captive-portal"  	[MsgId: MERR-35196]
End auto log messages stack.	[MsgId: MMSG-10544]

Start auto log messages stack - Iteration 37.	[MsgId: MMSG-10545]
Starting action Action.	[MsgId: MMSG-15919]
Action.c(4): web_set_max_html_param_len started  	[MsgId: MMSG-26355]
Action.c(4): web_set_max_html_param_len was successful  	[MsgId: MMSG-26392]
Action.c(6): web_add_auto_header("Accept-Language") started  	[MsgId: MMSG-26355]
Action.c(6): web_add_auto_header("Accept-Language") was successful  	[MsgId: MMSG-26392]
Action.c(9): web_url("canonical.html") started  	[MsgId: MMSG-26355]
Action.c(9): Detected non-resource "https://support.mozilla.org/kb/captive-portal" in "http://detectportal.firefox.com/canonical.html"  	[MsgId: MMSG-26573]
Action.c(9): Error -35196: HTTP Status-Code=429 (Retry With) for "https://support.mozilla.org/kb/captive-portal"  	[MsgId: MERR-35196]
End auto log messages stack.	[MsgId: MMSG-10544]

Start auto log messages stack - Iteration 38.	[MsgId: MMSG-10545]
Starting action Action.	[MsgId: MMSG-15919]
Action.c(4): web_set_max_html_param_len started  	[MsgId: MMSG-26355]
Action.c(4): web_set_max_html_param_len was successful  	[MsgId: MMSG-26392]
Action.c(6): web_add_auto_header("Accept-Language") started  	[MsgId: MMSG-26355]
Action.c(6): web_add_auto_header("Accept-Language") was successful  	[MsgId: MMSG-26392]
Action.c(9): web_url("canonical.html") started  	[MsgId: MMSG-26355]
Action.c(9): Detected non-resource "https://support.mozilla.org/kb/captive-portal" in "http://detectportal.firefox.com/canonical.html"  	[MsgId: MMSG-26573]
Action.c(9): Error -35196: HTTP Status-Code=429 (Retry With) for "https://support.mozilla.org/kb/captive-portal"  	[MsgId: MERR-35196]
End auto log messages stack.	[MsgId: MMSG-10544]

Start auto log messages stack - Iteration 39.	[MsgId: MMSG-10545]
Starting action Action.	[MsgId: MMSG-15919]
Action.c(4): web_set_max_html_param_len started  	[MsgId: MMSG-26355]
Action.c(4): web_set_max_html_param_len was successful  	[MsgId: MMSG-26392]
Action.c(6): web_add_auto_header("Accept-Language") started  	[MsgId: MMSG-26355]
Action.c(6): web_add_auto_header("Accept-Language") was successful  	[MsgId: MMSG-26392]
Action.c(9): web_url("canonical.html") started  	[MsgId: MMSG-26355]
Action.c(9): Detected non-resource "https://support.mozilla.org/kb/captive-portal" in "http://detectportal.firefox.com/canonical.html"  	[MsgId: MMSG-26573]
Action.c(9): Error -35196: HTTP Status-Code=429 (Retry With) for "https://support.mozilla.org/kb/captive-portal"  	[MsgId: MERR-35196]
End auto log messages stack.	[MsgId: MMSG-10544]

Start auto log messages stack - Iteration 40.	[MsgId: MMSG-10545]
Starting action Action.	[MsgId: MMSG-15919]
Action.c(4): web_set_max_html_param_len started  	[MsgId: MMSG-26355]
Action.c(4): web_set_max_html_param_len was successful  	[MsgId: MMSG-26392]
Action.c(6): web_add_auto_header("Accept-Language") started  	[MsgId: MMSG-26355]
Action.c(6): web_add_auto_header("Accept-Language") was successful  	[MsgId: MMSG-26392]
Action.c(9): web_url("canonical.html") started  	[MsgId: MMSG-26355]
Action.c(9): Detected non-resource "https://support.mozilla.org/kb/captive-portal" in "http://detectportal.firefox.com/canonical.html"  	[MsgId: MMSG-26573]
Action.c(9): Error -35196: HTTP Status-Code=429 (Retry With) for "https://support.mozilla.org/kb/captive-portal"  	[MsgId: MERR-35196]
End auto log messages stack.	[MsgId: MMSG-10544]

Start auto log messages stack - Iteration 41.	[MsgId: MMSG-10545]
Starting action Action.	[MsgId: MMSG-15919]
Action.c(4): web_set_max_html_param_len started  	[MsgId: MMSG-26355]
Action.c(4): web_set_max_html_param_len was successful  	[MsgId: MMSG-26392]
Action.c(6): web_add_auto_header("Accept-Language") started  	[MsgId: MMSG-26355]
Action.c(6): web_add_auto_header("Accept-Language") was successful  	[MsgId: MMSG-26392]
Action.c(9): web_url("canonical.html") started  	[MsgId: MMSG-26355]
Action.c(9): Detected non-resource "https://support.mozilla.org/kb/captive-portal" in "http://detectportal.firefox.com/canonical.html"  	[MsgId: MMSG-26573]
Action.c(9): Error -35196: HTTP Status-Code=429 (Retry With) for "https://support.mozilla.org/kb/captive-portal"  	[MsgId: MERR-35196]
End auto log messages stack.	[MsgId: MMSG-10544]

Start auto log messages stack - Iteration 42.	[MsgId: MMSG-10545]
Starting action Action.	[MsgId: MMSG-15919]
Action.c(4): web_set_max_html_param_len started  	[MsgId: MMSG-26355]
Action.c(4): web_set_max_html_param_len was successful  	[MsgId: MMSG-26392]
Action.c(6): web_add_auto_header("Accept-Language") started  	[MsgId: MMSG-26355]
Action.c(6): web_add_auto_header("Accept-Language") was successful  	[MsgId: MMSG-26392]
Action.c(9): web_url("canonical.html") started  	[MsgId: MMSG-26355]
Action.c(9): Detected non-resource "https://support.mozilla.org/kb/captive-portal" in "http://detectportal.firefox.com/canonical.html"  	[MsgId: MMSG-26573]
Action.c(9): Error -35196: HTTP Status-Code=429 (Retry With) for "https://support.mozilla.org/kb/captive-portal"  	[MsgId: MERR-35196]
End auto log messages stack.	[MsgId: MMSG-10544]

Start auto log messages stack - Iteration 43.	[MsgId: MMSG-10545]
Starting action Action.	[MsgId: MMSG-15919]
Action.c(4): web_set_max_html_param_len started  	[MsgId: MMSG-26355]
Action.c(4): web_set_max_html_param_len was successful  	[MsgId: MMSG-26392]
Action.c(6): web_add_auto_header("Accept-Language") started  	[MsgId: MMSG-26355]
Action.c(6): web_add_auto_header("Accept-Language") was successful  	[MsgId: MMSG-26392]
Action.c(9): web_url("canonical.html") started  	[MsgId: MMSG-26355]
Action.c(9): Detected non-resource "https://support.mozilla.org/kb/captive-portal" in "http://detectportal.firefox.com/canonical.html"  	[MsgId: MMSG-26573]
Action.c(9): Error -35196: HTTP Status-Code=429 (Retry With) for "https://support.mozilla.org/kb/captive-portal"  	[MsgId: MERR-35196]
End auto log messages stack.	[MsgId: MMSG-10544]

Start auto log messages stack - Iteration 44.	[MsgId: MMSG-10545]
Starting action Action.	[MsgId: MMSG-15919]
Action.c(4): web_set_max_html_param_len started  	[MsgId: MMSG-26355]
Action.c(4): web_set_max_html_param_len was successful  	[MsgId: MMSG-26392]
Action.c(6): web_add_auto_header("Accept-Language") started  	[MsgId: MMSG-26355]
Action.c(6): web_add_auto_header("Accept-Language") was successful  	[MsgId: MMSG-26392]
Action.c(9): web_url("canonical.html") started  	[MsgId: MMSG-26355]
Action.c(9): Detected non-resource "https://support.mozilla.org/kb/captive-portal" in "http://detectportal.firefox.com/canonical.html"  	[MsgId: MMSG-26573]
Action.c(9): Error -35196: HTTP Status-Code=429 (Retry With) for "https://support.mozilla.org/kb/captive-portal"  	[MsgId: MERR-35196]
End auto log messages stack.	[MsgId: MMSG-10544]

Start auto log messages stack - Iteration 45.	[MsgId: MMSG-10545]
Starting action Action.	[MsgId: MMSG-15919]
Action.c(4): web_set_max_html_param_len started  	[MsgId: MMSG-26355]
Action.c(4): web_set_max_html_param_len was successful  	[MsgId: MMSG-26392]
Action.c(6): web_add_auto_header("Accept-Language") started  	[MsgId: MMSG-26355]
Action.c(6): web_add_auto_header("Accept-Language") was successful  	[MsgId: MMSG-26392]
Action.c(9): web_url("canonical.html") started  	[MsgId: MMSG-26355]
Action.c(9): Detected non-resource "https://support.mozilla.org/kb/captive-portal" in "http://detectportal.firefox.com/canonical.html"  	[MsgId: MMSG-26573]
Action.c(9): Error -35196: HTTP Status-Code=429 (Retry With) for "https://support.mozilla.org/kb/captive-portal"  	[MsgId: MERR-35196]
End auto log messages stack.	[MsgId: MMSG-10544]

Start auto log messages stack - Iteration 46.	[MsgId: MMSG-10545]
Starting action Action.	[MsgId: MMSG-15919]
Action.c(4): web_set_max_html_param_len started  	[MsgId: MMSG-26355]
Action.c(4): web_set_max_html_param_len was successful  	[MsgId: MMSG-26392]
Action.c(6): web_add_auto_header("Accept-Language") started  	[MsgId: MMSG-26355]
Action.c(6): web_add_auto_header("Accept-Language") was successful  	[MsgId: MMSG-26392]
Action.c(9): web_url("canonical.html") started  	[MsgId: MMSG-26355]
Action.c(9): Detected non-resource "https://support.mozilla.org/kb/captive-portal" in "http://detectportal.firefox.com/canonical.html"  	[MsgId: MMSG-26573]
Action.c(9): Error -35196: HTTP Status-Code=429 (Retry With) for "https://support.mozilla.org/kb/captive-portal"  	[MsgId: MERR-35196]
End auto log messages stack.	[MsgId: MMSG-10544]

Start auto log messages stack - Iteration 47.	[MsgId: MMSG-10545]
Starting action Action.	[MsgId: MMSG-15919]
Action.c(4): web_set_max_html_param_len started  	[MsgId: MMSG-26355]
Action.c(4): web_set_max_html_param_len was successful  	[MsgId: MMSG-26392]
Action.c(6): web_add_auto_header("Accept-Language") started  	[MsgId: MMSG-26355]
Action.c(6): web_add_auto_header("Accept-Language") was successful  	[MsgId: MMSG-26392]
Action.c(9): web_url("canonical.html") started  	[MsgId: MMSG-26355]
Action.c(9): Detected non-resource "https://support.mozilla.org/kb/captive-portal" in "http://detectportal.firefox.com/canonical.html"  	[MsgId: MMSG-26573]
Action.c(9): Error -35196: HTTP Status-Code=429 (Retry With) for "https://support.mozilla.org/kb/captive-portal"  	[MsgId: MERR-35196]
End auto log messages stack.	[MsgId: MMSG-10544]

Start auto log messages stack - Iteration 48.	[MsgId: MMSG-10545]
Starting action Action.	[MsgId: MMSG-15919]
Action.c(4): web_set_max_html_param_len started  	[MsgId: MMSG-26355]
Action.c(4): web_set_max_html_param_len was successful  	[MsgId: MMSG-26392]
Action.c(6): web_add_auto_header("Accept-Language") started  	[MsgId: MMSG-26355]
Action.c(6): web_add_auto_header("Accept-Language") was successful  	[MsgId: MMSG-26392]
Action.c(9): web_url("canonical.html") started  	[MsgId: MMSG-26355]
Action.c(9): Detected non-resource "https://support.mozilla.org/kb/captive-portal" in "http://detectportal.firefox.com/canonical.html"  	[MsgId: MMSG-26573]
Action.c(9): Error -35196: HTTP Status-Code=429 (Retry With) for "https://support.mozilla.org/kb/captive-portal"  	[MsgId: MERR-35196]
End auto log messages stack.	[MsgId: MMSG-10544]

Start auto log messages stack - Iteration 49.	[MsgId: MMSG-10545]
Starting action Action.	[MsgId: MMSG-15919]
Action.c(4): web_set_max_html_param_len started  	[MsgId: MMSG-26355]
Action.c(4): web_set_max_html_param_len was successful  	[MsgId: MMSG-26392]
Action.c(6): web_add_auto_header("Accept-Language") started  	[MsgId: MMSG-26355]
Action.c(6): web_add_auto_header("Accept-Language") was successful  	[MsgId: MMSG-26392]
Action.c(9): web_url("canonical.html") started  	[MsgId: MMSG-26355]
Action.c(9): Detected non-resource "https://support.mozilla.org/kb/captive-portal" in "http://detectportal.firefox.com/canonical.html"  	[MsgId: MMSG-26573]
Action.c(9): Error -35196: HTTP Status-Code=429 (Retry With) for "https://support.mozilla.org/kb/captive-portal"  	[MsgId: MERR-35196]
End auto log messages stack.	[MsgId: MMSG-10544]

Start auto log messages stack - Iteration 50.	[MsgId: MMSG-10545]
Starting action Action.	[MsgId: MMSG-15919]
Action.c(4): web_set_max_html_param_len started  	[MsgId: MMSG-26355]
Action.c(4): web_set_max_html_param_len was successful  	[MsgId: MMSG-26392]
Action.c(6): web_add_auto_header("Accept-Language") started  	[MsgId: MMSG-26355]
Action.c(6): web_add_auto_header("Accept-Language") was successful  	[MsgId: MMSG-26392]
Action.c(9): web_url("canonical.html") started  	[MsgId: MMSG-26355]
Action.c(9): Detected non-resource "https://support.mozilla.org/kb/captive-portal" in "http://detectportal.firefox.com/canonical.html"  	[MsgId: MMSG-26573]
Action.c(9): Error -35196: HTTP Status-Code=429 (Retry With) for "https://support.mozilla.org/kb/captive-portal"  	[MsgId: MERR-35196]
End auto log messages stack.	[MsgId: MMSG-10544]

Start auto log messages stack - Iteration 51.	[MsgId: MMSG-10545]
Starting action Action.	[MsgId: MMSG-15919]
Action.c(4): web_set_max_html_param_len started  	[MsgId: MMSG-26355]
Action.c(4): web_set_max_html_param_len was successful  	[MsgId: MMSG-26392]
Action.c(6): web_add_auto_header("Accept-Language") started  	[MsgId: MMSG-26355]
Action.c(6): web_add_auto_header("Accept-Language") was successful  	[MsgId: MMSG-26392]
Action.c(9): web_url("canonical.html") started  	[MsgId: MMSG-26355]
Action.c(9): Detected non-resource "https://support.mozilla.org/kb/captive-portal" in "http://detectportal.firefox.com/canonical.html"  	[MsgId: MMSG-26573]
Action.c(9): Error -35196: HTTP Status-Code=429 (Retry With) for "https://support.mozilla.org/kb/captive-portal"  	[MsgId: MERR-35196]
End auto log messages stack.	[MsgId: MMSG-10544]

Start auto log messages stack - Iteration 52.	[MsgId: MMSG-10545]
Starting action Action.	[MsgId: MMSG-15919]
Action.c(4): web_set_max_html_param_len started  	[MsgId: MMSG-26355]
Action.c(4): web_set_max_html_param_len was successful  	[MsgId: MMSG-26392]
Action.c(6): web_add_auto_header("Accept-Language") started  	[MsgId: MMSG-26355]
Action.c(6): web_add_auto_header("Accept-Language") was successful  	[MsgId: MMSG-26392]
Action.c(9): web_url("canonical.html") started  	[MsgId: MMSG-26355]
Action.c(9): Detected non-resource "https://support.mozilla.org/kb/captive-portal" in "http://detectportal.firefox.com/canonical.html"  	[MsgId: MMSG-26573]
Action.c(9): Error -35196: HTTP Status-Code=429 (Retry With) for "https://support.mozilla.org/kb/captive-portal"  	[MsgId: MERR-35196]
End auto log messages stack.	[MsgId: MMSG-10544]

Start auto log messages stack - Iteration 53.	[MsgId: MMSG-10545]
Starting action Action.	[MsgId: MMSG-15919]
Action.c(4): web_set_max_html_param_len started  	[MsgId: MMSG-26355]
Action.c(4): web_set_max_html_param_len was successful  	[MsgId: MMSG-26392]
Action.c(6): web_add_auto_header("Accept-Language") started  	[MsgId: MMSG-26355]
Action.c(6): web_add_auto_header("Accept-Language") was successful  	[MsgId: MMSG-26392]
Action.c(9): web_url("canonical.html") started  	[MsgId: MMSG-26355]
Action.c(9): Error -27721: Step download timeout (120 seconds) has expired when downloading resource "http://detectportal.firefox.com/canonical.html"  	[MsgId: MERR-27721]
End auto log messages stack.	[MsgId: MMSG-10544]

