Virtual User Script started at: 23-02-2024 22:30:54
Starting action vuser_init.
Web Turbo Replay of LoadRunner 2023.0.0 for Windows 10; build 506 (Mar 08 2023 13:11:40)  	[MsgId: MMSG-26983]
Run mode: HTML  	[MsgId: MMSG-26993]
Replay user agent: Mozilla/5.0 (Windows NT 10.0; Win64; x64) AppleWebKit/537.36 (KHTML, like Gecko) Chrome/121.0.0.0 Safari/537.36  	[MsgId: MMSG-26988]
Runtime Settings file: "D:\LoadRunner\JPetStore\Petstore_Demo\JPetStore\\default.cfg"  	[MsgId: MMSG-27141]
vuser_init.c(12): web_set_sockets_option started  	[MsgId: MMSG-26355]
vuser_init.c(12): web_set_sockets_option was successful  	[MsgId: MMSG-26392]
vuser_init.c(14): web_add_header("Accept-Language") started  	[MsgId: MMSG-26355]
vuser_init.c(14): web_add_header("Accept-Language") was successful  	[MsgId: MMSG-26392]
vuser_init.c(17): web_url("petstore.octoperf.com") started  	[MsgId: MMSG-26355]
vuser_init.c(17): Found resource "https://petstore.octoperf.com/css/jpetstore.css" in HTML "https://petstore.octoperf.com/"  	[MsgId: MMSG-26659]
vuser_init.c(17): web_url("petstore.octoperf.com") was successful, 6835 body bytes, 567 header bytes  	[MsgId: MMSG-26386]
Ending action vuser_init.
Running Vuser...
Starting iteration 1.
Warning -27077: The "vuser_init" section contains web function(s) when the "Simulate a new user on each iteration" Runtime Setting is ON.  This may produce unpredictable results with multiple iterations  	[MsgId: MWAR-27077]
Maximum number of concurrent connections per server: 6  	[MsgId: MMSG-26989]
Starting action Action.
Action.c(6): web_add_header("Accept-Language") started  	[MsgId: MMSG-26355]
Action.c(6): web_add_header("Accept-Language") was successful  	[MsgId: MMSG-26392]
Action.c(13): web_reg_save_param_ex started  	[MsgId: MMSG-26355]
Action.c(13): Registering web_reg_save_param_ex was successful  	[MsgId: MMSG-26390]
Action.c(22): {jsessionid}
Action.c(25): web_reg_save_param_attrib started  	[MsgId: MMSG-26355]
Action.c(25): Registering web_reg_save_param_attrib was successful  	[MsgId: MMSG-26390]
Action.c(37): web_reg_save_param_attrib started  	[MsgId: MMSG-26355]
Action.c(37): Registering web_reg_save_param_attrib was successful  	[MsgId: MMSG-26390]
Action.c(49): web_url("Catalog.action") started  	[MsgId: MMSG-26355]
Action.c(49): Resource "https://petstore.octoperf.com/css/jpetstore.css" is in the cache already and will not be downloaded again  	[MsgId: MMSG-26655]
Action.c(49): Found resource "https://petstore.octoperf.com/images/logo-topbar.gif" in HTML "https://petstore.octoperf.com/actions/Catalog.action"  	[MsgId: MMSG-26659]
Action.c(49): Found resource "https://petstore.octoperf.com/images/cart.gif" in HTML "https://petstore.octoperf.com/actions/Catalog.action"  	[MsgId: MMSG-26659]
Action.c(49): Found resource "https://petstore.octoperf.com/images/separator.gif" in HTML "https://petstore.octoperf.com/actions/Catalog.action"  	[MsgId: MMSG-26659]
Action.c(49): Found resource "https://petstore.octoperf.com/images/sm_fish.gif" in HTML "https://petstore.octoperf.com/actions/Catalog.action"  	[MsgId: MMSG-26659]
Action.c(49): Found resource "https://petstore.octoperf.com/images/sm_dogs.gif" in HTML "https://petstore.octoperf.com/actions/Catalog.action"  	[MsgId: MMSG-26659]
Action.c(49): Found resource "https://petstore.octoperf.com/images/sm_reptiles.gif" in HTML "https://petstore.octoperf.com/actions/Catalog.action"  	[MsgId: MMSG-26659]
Action.c(49): Found resource "https://petstore.octoperf.com/images/sm_cats.gif" in HTML "https://petstore.octoperf.com/actions/Catalog.action"  	[MsgId: MMSG-26659]
Action.c(49): Found resource "https://petstore.octoperf.com/images/sm_birds.gif" in HTML "https://petstore.octoperf.com/actions/Catalog.action"  	[MsgId: MMSG-26659]
Action.c(49): Found resource "https://petstore.octoperf.com/images/fish_icon.gif" in HTML "https://petstore.octoperf.com/actions/Catalog.action"  	[MsgId: MMSG-26659]
Action.c(49): Found resource "https://petstore.octoperf.com/images/dogs_icon.gif" in HTML "https://petstore.octoperf.com/actions/Catalog.action"  	[MsgId: MMSG-26659]
Action.c(49): Found resource "https://petstore.octoperf.com/images/cats_icon.gif" in HTML "https://petstore.octoperf.com/actions/Catalog.action"  	[MsgId: MMSG-26659]
Action.c(49): Found resource "https://petstore.octoperf.com/images/reptiles_icon.gif" in HTML "https://petstore.octoperf.com/actions/Catalog.action"  	[MsgId: MMSG-26659]
Action.c(49): Found resource "https://petstore.octoperf.com/images/birds_icon.gif" in HTML "https://petstore.octoperf.com/actions/Catalog.action"  	[MsgId: MMSG-26659]
Action.c(49): Found resource "https://petstore.octoperf.com/images/splash.gif" in HTML "https://petstore.octoperf.com/actions/Catalog.action"  	[MsgId: MMSG-26659]
Action.c(49): web_url("Catalog.action") was successful, 49136 body bytes, 4247 header bytes  	[MsgId: MMSG-26386]
Action.c(57): web_image_check started  	[MsgId: MMSG-26355]
Action.c(57): "Logo Check" succeeded (1 occurrence(s) found. Alt="", Src="../images/logo-topbar.gif")  	[MsgId: MMSG-27192]
Action.c(57): web_image_check was successful  	[MsgId: MMSG-26392]
Action.c(59): web_custom_request("json") started  	[MsgId: MMSG-26355]
Action.c(59): web_custom_request("json") was successful, 968 body bytes, 1148 header bytes  	[MsgId: MMSG-26386]
Action.c(90): web_set_sockets_option started  	[MsgId: MMSG-26355]
Action.c(90): web_set_sockets_option was successful  	[MsgId: MMSG-26392]
Action.c(96): web_reg_find started  	[MsgId: MMSG-26355]
Action.c(96): Registering web_reg_find was successful  	[MsgId: MMSG-26390]
Action.c(99): web_add_auto_header("Accept-Language") started  	[MsgId: MMSG-26355]
Action.c(99): web_add_auto_header("Accept-Language") was successful  	[MsgId: MMSG-26392]
Action.c(104): web_submit_data("Catalog.action;jsessionid=4BEC92598A768F7B356BFE56BE7E86AA") started  	[MsgId: MMSG-26355]
Action.c(104): Resource "https://petstore.octoperf.com/css/jpetstore.css" is in the cache already and will not be downloaded again  	[MsgId: MMSG-26655]
Action.c(104): Resource "https://petstore.octoperf.com/images/logo-topbar.gif" is in the cache already and will not be downloaded again  	[MsgId: MMSG-26655]
Action.c(104): Resource "https://petstore.octoperf.com/images/cart.gif" is in the cache already and will not be downloaded again  	[MsgId: MMSG-26655]
Action.c(104): Resource "https://petstore.octoperf.com/images/separator.gif" is in the cache already and will not be downloaded again  	[MsgId: MMSG-26655]
Action.c(104): Resource "https://petstore.octoperf.com/images/sm_fish.gif" is in the cache already and will not be downloaded again  	[MsgId: MMSG-26655]
Action.c(104): Resource "https://petstore.octoperf.com/images/sm_dogs.gif" is in the cache already and will not be downloaded again  	[MsgId: MMSG-26655]
Action.c(104): Resource "https://petstore.octoperf.com/images/sm_reptiles.gif" is in the cache already and will not be downloaded again  	[MsgId: MMSG-26655]
Action.c(104): Resource "https://petstore.octoperf.com/images/sm_cats.gif" is in the cache already and will not be downloaded again  	[MsgId: MMSG-26655]
Action.c(104): Resource "https://petstore.octoperf.com/images/sm_birds.gif" is in the cache already and will not be downloaded again  	[MsgId: MMSG-26655]
Action.c(104): Found resource "https://petstore.octoperf.com/images/fish2.gif" in HTML "https://petstore.octoperf.com/actions/Catalog.action;jsessionid=B2CDBAA091B4780AEE6262CEAF5E7838"  	[MsgId: MMSG-26659]
Action.c(104): Found resource "https://petstore.octoperf.com/images/fish1.gif" in HTML "https://petstore.octoperf.com/actions/Catalog.action;jsessionid=B2CDBAA091B4780AEE6262CEAF5E7838"  	[MsgId: MMSG-26659]
Action.c(104): Registered web_reg_find successful for "Text=Goldfish" (count=1)  	[MsgId: MMSG-26364]
Action.c(104): web_submit_data("Catalog.action;jsessionid=4BEC92598A768F7B356BFE56BE7E86AA") was successful, 29563 body bytes, 794 header bytes  	[MsgId: MMSG-26386]
Action.c(124): web_link("Fresh Water fish from China") started  	[MsgId: MMSG-26355]
Action.c(124): Linking to "https://petstore.octoperf.com/actions/Catalog.action?viewProduct=&productId=FI-FW-02", Target Frame=""  	[MsgId: MMSG-27994]
Action.c(124): Resource "https://petstore.octoperf.com/css/jpetstore.css" is in the cache already and will not be downloaded again  	[MsgId: MMSG-26655]
Action.c(124): Resource "https://petstore.octoperf.com/images/logo-topbar.gif" is in the cache already and will not be downloaded again  	[MsgId: MMSG-26655]
Action.c(124): Resource "https://petstore.octoperf.com/images/cart.gif" is in the cache already and will not be downloaded again  	[MsgId: MMSG-26655]
Action.c(124): Resource "https://petstore.octoperf.com/images/separator.gif" is in the cache already and will not be downloaded again  	[MsgId: MMSG-26655]
Action.c(124): Resource "https://petstore.octoperf.com/images/sm_fish.gif" is in the cache already and will not be downloaded again  	[MsgId: MMSG-26655]
Action.c(124): Resource "https://petstore.octoperf.com/images/sm_dogs.gif" is in the cache already and will not be downloaded again  	[MsgId: MMSG-26655]
Action.c(124): Resource "https://petstore.octoperf.com/images/sm_reptiles.gif" is in the cache already and will not be downloaded again  	[MsgId: MMSG-26655]
Action.c(124): Resource "https://petstore.octoperf.com/images/sm_cats.gif" is in the cache already and will not be downloaded again  	[MsgId: MMSG-26655]
Action.c(124): Resource "https://petstore.octoperf.com/images/sm_birds.gif" is in the cache already and will not be downloaded again  	[MsgId: MMSG-26655]
Action.c(124): web_link("Fresh Water fish from China") was successful, 3661 body bytes, 222 header bytes  	[MsgId: MMSG-26386]
Action.c(133): web_link("Add to Cart") started  	[MsgId: MMSG-26355]
Action.c(133): Linking to "https://petstore.octoperf.com/actions/Cart.action?addItemToCart=&workingItemId=EST-20", Target Frame=""  	[MsgId: MMSG-27994]
Action.c(133): Resource "https://petstore.octoperf.com/css/jpetstore.css" is in the cache already and will not be downloaded again  	[MsgId: MMSG-26655]
Action.c(133): Resource "https://petstore.octoperf.com/images/logo-topbar.gif" is in the cache already and will not be downloaded again  	[MsgId: MMSG-26655]
Action.c(133): Resource "https://petstore.octoperf.com/images/cart.gif" is in the cache already and will not be downloaded again  	[MsgId: MMSG-26655]
Action.c(133): Resource "https://petstore.octoperf.com/images/separator.gif" is in the cache already and will not be downloaded again  	[MsgId: MMSG-26655]
Action.c(133): Resource "https://petstore.octoperf.com/images/sm_fish.gif" is in the cache already and will not be downloaded again  	[MsgId: MMSG-26655]
Action.c(133): Resource "https://petstore.octoperf.com/images/sm_dogs.gif" is in the cache already and will not be downloaded again  	[MsgId: MMSG-26655]
Action.c(133): Resource "https://petstore.octoperf.com/images/sm_reptiles.gif" is in the cache already and will not be downloaded again  	[MsgId: MMSG-26655]
Action.c(133): Resource "https://petstore.octoperf.com/images/sm_cats.gif" is in the cache already and will not be downloaded again  	[MsgId: MMSG-26655]
Action.c(133): Resource "https://petstore.octoperf.com/images/sm_birds.gif" is in the cache already and will not be downloaded again  	[MsgId: MMSG-26655]
Action.c(133): web_link("Add to Cart") was successful, 4209 body bytes, 222 header bytes  	[MsgId: MMSG-26386]
Action.c(143): web_link("Proceed to Checkout") started  	[MsgId: MMSG-26355]
Action.c(143): Linking to "https://petstore.octoperf.com/actions/Order.action?newOrderForm=", Target Frame=""  	[MsgId: MMSG-27994]
Action.c(143): Resource "https://petstore.octoperf.com/css/jpetstore.css" is in the cache already and will not be downloaded again  	[MsgId: MMSG-26655]
Action.c(143): Resource "https://petstore.octoperf.com/images/logo-topbar.gif" is in the cache already and will not be downloaded again  	[MsgId: MMSG-26655]
Action.c(143): Resource "https://petstore.octoperf.com/images/cart.gif" is in the cache already and will not be downloaded again  	[MsgId: MMSG-26655]
Action.c(143): Resource "https://petstore.octoperf.com/images/separator.gif" is in the cache already and will not be downloaded again  	[MsgId: MMSG-26655]
Action.c(143): Resource "https://petstore.octoperf.com/images/sm_fish.gif" is in the cache already and will not be downloaded again  	[MsgId: MMSG-26655]
Action.c(143): Resource "https://petstore.octoperf.com/images/sm_dogs.gif" is in the cache already and will not be downloaded again  	[MsgId: MMSG-26655]
Action.c(143): Resource "https://petstore.octoperf.com/images/sm_reptiles.gif" is in the cache already and will not be downloaded again  	[MsgId: MMSG-26655]
Action.c(143): Resource "https://petstore.octoperf.com/images/sm_cats.gif" is in the cache already and will not be downloaded again  	[MsgId: MMSG-26655]
Action.c(143): Resource "https://petstore.octoperf.com/images/sm_birds.gif" is in the cache already and will not be downloaded again  	[MsgId: MMSG-26655]
Action.c(143): web_link("Proceed to Checkout") was successful, 3766 body bytes, 222 header bytes  	[MsgId: MMSG-26386]
Ending action Action.
Ending iteration 1.
Ending Vuser...
Starting action vuser_end.
Ending action vuser_end.
Vuser Terminated.
